0 verbose cli /data/data/com.termux/files/usr/bin/node /data/data/com.termux/files/usr/bin/npm
1 info using npm@11.5.1
2 info using node@v24.5.0
3 silly config load:file:/data/data/com.termux/files/usr/lib/node_modules/npm/npmrc
4 silly config load:file:/data/data/com.termux/files/home/.npmrc
5 silly config load:file:/data/data/com.termux/files/usr/etc/npmrc
6 verbose title npm install dotenv
7 verbose argv "install" "dotenv"
8 verbose logfile logs-max:10 dir:/data/data/com.termux/files/home/.npm/_logs/2025-08-07T16_22_29_523Z-
9 verbose logfile /data/data/com.termux/files/home/.npm/_logs/2025-08-07T16_22_29_523Z-debug-0.log
10 silly logfile done cleaning log files
11 silly packumentCache heap:1174405120 maxSize:293601280 maxEntrySize:146800640
12 silly idealTree buildDeps
13 silly fetch manifest dotenv@*
14 silly packumentCache full:https://registry.npmjs.org/dotenv cache-miss
15 http fetch GET 200 https://registry.npmjs.org/dotenv 7945ms (cache miss)
16 silly packumentCache full:https://registry.npmjs.org/dotenv set size:undefined disposed:false
17 silly placeDep ROOT dotenv@17.2.1 OK for:  want: *
18 silly reify moves {}
19 silly audit bulk request {
19 silly audit   'agent-base': [ '7.1.4' ],
19 silly audit   'asn1.js': [ '5.4.1' ],
19 silly audit   'bn.js': [ '4.12.2' ],
19 silly audit   'buffer-equal-constant-time': [ '1.0.1' ],
19 silly audit   debug: [ '4.4.1' ],
19 silly audit   'ecdsa-sig-formatter': [ '1.0.11' ],
19 silly audit   http_ece: [ '1.2.0' ],
19 silly audit   'https-proxy-agent': [ '7.0.6' ],
19 silly audit   inherits: [ '2.0.4' ],
19 silly audit   jwa: [ '2.0.1' ],
19 silly audit   jws: [ '4.0.0' ],
19 silly audit   'minimalistic-assert': [ '1.0.1' ],
19 silly audit   minimist: [ '1.2.8' ],
19 silly audit   ms: [ '2.1.3' ],
19 silly audit   'safe-buffer': [ '5.2.1' ],
19 silly audit   'safer-buffer': [ '2.1.2' ],
19 silly audit   'web-push': [ '3.6.7' ],
19 silly audit   dotenv: [ '17.2.1' ]
19 silly audit }
20 http cache dotenv@https://registry.npmjs.org/dotenv/-/dotenv-17.2.1.tgz 1ms (cache hit)
21 silly tarball no local data for dotenv@https://registry.npmjs.org/dotenv/-/dotenv-17.2.1.tgz. Extracting by manifest.
22 http fetch POST 200 https://registry.npmjs.org/-/npm/v1/security/advisories/bulk 970ms
23 silly audit report {}
24 http fetch GET 200 https://registry.npmjs.org/dotenv/-/dotenv-17.2.1.tgz 14523ms (cache miss)
25 silly ADD node_modules/dotenv
26 verbose cwd /data/data/com.termux/files/home
27 verbose os Linux 5.4.274-qgki-g2a1719c964bd
28 verbose node v24.5.0
29 verbose npm  v11.5.1
30 verbose exit 0
31 info ok
