0 verbose cli /data/data/com.termux/files/usr/bin/node /data/data/com.termux/files/usr/bin/npm
1 info using npm@11.5.1
2 info using node@v24.5.0
3 silly config load:file:/data/data/com.termux/files/usr/lib/node_modules/npm/npmrc
4 silly config load:file:/data/data/com.termux/files/home/.npmrc
5 silly config load:file:/data/data/com.termux/files/usr/etc/npmrc
6 verbose title npm install dotenv
7 verbose argv "install" "dotenv" "--save"
8 verbose logfile logs-max:10 dir:/data/data/com.termux/files/home/.npm/_logs/2025-08-07T17_26_08_957Z-
9 verbose logfile /data/data/com.termux/files/home/.npm/_logs/2025-08-07T17_26_08_957Z-debug-0.log
10 silly logfile done cleaning log files
11 silly packumentCache heap:1174405120 maxSize:293601280 maxEntrySize:146800640
12 silly idealTree buildDeps
13 silly fetch manifest dotenv@^17.2.1
14 silly packumentCache full:https://registry.npmjs.org/dotenv cache-miss
15 http fetch GET 200 https://registry.npmjs.org/dotenv 1474ms (cache revalidated)
16 silly packumentCache full:https://registry.npmjs.org/dotenv set size:255898 disposed:false
17 silly placeDep ROOT dotenv@17.2.1 REPLACE for:  want: ^17.2.1
18 silly reify moves {}
19 silly audit bulk request {
19 silly audit   'agent-base': [ '7.1.4' ],
19 silly audit   'asn1.js': [ '5.4.1' ],
19 silly audit   'bn.js': [ '4.12.2' ],
19 silly audit   'buffer-equal-constant-time': [ '1.0.1' ],
19 silly audit   debug: [ '4.4.1' ],
19 silly audit   'ecdsa-sig-formatter': [ '1.0.11' ],
19 silly audit   http_ece: [ '1.2.0' ],
19 silly audit   'https-proxy-agent': [ '7.0.6' ],
19 silly audit   inherits: [ '2.0.4' ],
19 silly audit   jwa: [ '2.0.1' ],
19 silly audit   jws: [ '4.0.0' ],
19 silly audit   'minimalistic-assert': [ '1.0.1' ],
19 silly audit   minimist: [ '1.2.8' ],
19 silly audit   ms: [ '2.1.3' ],
19 silly audit   'safe-buffer': [ '5.2.1' ],
19 silly audit   'safer-buffer': [ '2.1.2' ],
19 silly audit   'web-push': [ '3.6.7' ],
19 silly audit   dotenv: [ '17.2.1' ]
19 silly audit }
20 http fetch POST 200 https://registry.npmjs.org/-/npm/v1/security/advisories/bulk 402ms
21 silly audit report {}
22 verbose cwd /data/data/com.termux/files/home
23 verbose os Linux 5.4.274-qgki-g2a1719c964bd
24 verbose node v24.5.0
25 verbose npm  v11.5.1
26 verbose exit 0
27 info ok
